0 info it worked if it ends with ok
1 verbose cli [ '/usr/local/Cellar/node/0.11.10/bin/node',
1 verbose cli   '/usr/local/bin/npm',
1 verbose cli   'install',
1 verbose cli   'gulp-jshint',
1 verbose cli   '--save-dev' ]
2 info using npm@1.3.22
3 info using node@v0.11.10
4 verbose readDependencies using package.json deps
5 verbose cache add [ 'gulp-jshint', null ]
6 verbose cache add name=undefined spec="gulp-jshint" args=["gulp-jshint",null]
7 verbose parsed url { protocol: null,
7 verbose parsed url   slashes: null,
7 verbose parsed url   auth: null,
7 verbose parsed url   host: null,
7 verbose parsed url   port: null,
7 verbose parsed url   hostname: null,
7 verbose parsed url   hash: null,
7 verbose parsed url   search: null,
7 verbose parsed url   query: null,
7 verbose parsed url   pathname: 'gulp-jshint',
7 verbose parsed url   path: 'gulp-jshint',
7 verbose parsed url   href: 'gulp-jshint' }
8 silly lockFile aeb19f3d-gulp-jshint gulp-jshint
9 verbose lock gulp-jshint /Users/cjponti/.npm/aeb19f3d-gulp-jshint.lock
10 silly lockFile aeb19f3d-gulp-jshint gulp-jshint
11 silly lockFile aeb19f3d-gulp-jshint gulp-jshint
12 verbose addNamed [ 'gulp-jshint', '' ]
13 verbose addNamed [ null, '*' ]
14 silly lockFile 8b36bbde-gulp-jshint gulp-jshint@
15 verbose lock gulp-jshint@ /Users/cjponti/.npm/8b36bbde-gulp-jshint.lock
16 silly addNameRange { name: 'gulp-jshint', range: '*', hasData: false }
17 verbose url raw gulp-jshint
18 verbose url resolving [ 'https://registry.npmjs.org/', './gulp-jshint' ]
19 verbose url resolved https://registry.npmjs.org/gulp-jshint
20 info trying registry request attempt 1 at 09:28:20
21 http GET https://registry.npmjs.org/gulp-jshint
22 info retry will retry, error on last attempt: Error: SELF_SIGNED_CERT_IN_CHAIN
23 info trying registry request attempt 2 at 09:28:33
24 http GET https://registry.npmjs.org/gulp-jshint
25 info retry will retry, error on last attempt: Error: SELF_SIGNED_CERT_IN_CHAIN
26 info trying registry request attempt 3 at 09:29:35
27 http GET https://registry.npmjs.org/gulp-jshint
28 silly lockFile 8b36bbde-gulp-jshint gulp-jshint@
29 silly lockFile 8b36bbde-gulp-jshint gulp-jshint@
30 error Error: SELF_SIGNED_CERT_IN_CHAIN
30 error     at TLSSocket.<anonymous> (_tls_wrap.js:777:36)
30 error     at TLSSocket.EventEmitter.emit (events.js:98:17)
30 error     at TLSSocket._finishInit (_tls_wrap.js:337:8)
31 error If you need help, you may report this *entire* log,
31 error including the npm and node versions, at:
31 error     <http://github.com/isaacs/npm/issues>
32 error System Darwin 13.1.0
33 error command "/usr/local/Cellar/node/0.11.10/bin/node" "/usr/local/bin/npm" "install" "gulp-jshint" "--save-dev"
34 error cwd /Users/cjponti/Projects/boiler-frontend
35 error node -v v0.11.10
36 error npm -v 1.3.22
37 verbose exit [ 1, true ]
